Sat May  4 04:54:36 2019       
+-----------------------------------------------------------------------------+
| NVIDIA-SMI 410.104      Driver Version: 410.104      CUDA Version: 10.0     |
|-------------------------------+----------------------+----------------------+
| GPU  Name        Persistence-M| Bus-Id        Disp.A | Volatile Uncorr. ECC |
| Fan  Temp  Perf  Pwr:Usage/Cap|         Memory-Usage | GPU-Util  Compute M. |
|===============================+======================+======================|
|   0  GeForce GTX 1070    On   | 00000000:01:00.0  On |                  N/A |
|  0%   41C    P8    14W / 200W |   7723MiB /  8118MiB |      0%      Default |
+-------------------------------+----------------------+----------------------+
                                                                               
+-----------------------------------------------------------------------------+
| Processes:                                                       GPU Memory |
|  GPU       PID   Type   Process name                             Usage      |
|=============================================================================|
|    0      1260      G   /usr/lib/xorg/Xorg                            18MiB |
|    0      1286      G   /usr/bin/gnome-shell                          51MiB |
|    0      1932      G   /usr/lib/xorg/Xorg                           134MiB |
|    0      2058      G   /usr/bin/gnome-shell                         113MiB |
|    0      3166      G   ...quest-channel-token=6777356856772921670    46MiB |
|    0     10997      C   ...nkdesh/virtualenvs/tf_gpu/bin/python3.5  7355MiB |
+-----------------------------------------------------------------------------+
